09:10:20.117 INFO  [background-preinit]org.hibernate.validator.internal.util.Version - HV000001: Hibernate Validator 8.0.2.Final
09:10:20.166 INFO  [main]com.example.quiz15.Quiz15Application - Starting Quiz15Application using Java 21.0.7 with PID 30376 (D:\java\java_project\quiz15\bin\main started by we908 in D:\java\java_project\quiz15)
09:10:20.166 INFO  [main]com.example.quiz15.Quiz15Application - No active profile set, falling back to 1 default profile: "default"
09:10:21.011 INFO  [main]o.s.d.r.config.RepositoryConfigurationDelegate - Bootstrapping Spring Data JPA repositories in DEFAULT mode.
09:10:21.075 INFO  [main]o.s.d.r.config.RepositoryConfigurationDelegate - Finished Spring Data repository scanning in 54 ms. Found 4 JPA repository interfaces.
09:10:21.640 INFO  [main]o.s.boot.web.embedded.tomcat.TomcatWebServer - Tomcat initialized with port 8080 (http)
09:10:21.656 INFO  [main]org.apache.coyote.http11.Http11NioProtocol - Initializing ProtocolHandler ["http-nio-8080"]
09:10:21.658 INFO  [main]org.apache.catalina.core.StandardService - Starting service [Tomcat]
09:10:21.658 INFO  [main]org.apache.catalina.core.StandardEngine - Starting Servlet engine: [Apache Tomcat/10.1.43]
09:10:21.731 INFO  [main]o.a.c.core.ContainerBase.[Tomcat].[localhost].[/] - Initializing Spring embedded WebApplicationContext
09:10:21.731 INFO  [main]o.s.b.w.s.c.ServletWebServerApplicationContext - Root WebApplicationContext: initialization completed in 1524 ms
09:10:21.913 INFO  [main]com.zaxxer.hikari.HikariDataSource - HikariPool-1 - Starting...
09:10:22.126 INFO  [main]com.zaxxer.hikari.pool.HikariPool - HikariPool-1 - Added connection com.mysql.cj.jdbc.ConnectionImpl@a2b54e3
09:10:22.127 INFO  [main]com.zaxxer.hikari.HikariDataSource - HikariPool-1 - Start completed.
09:10:22.160 INFO  [main]org.hibernate.jpa.internal.util.LogHelper - HHH000204: Processing PersistenceUnitInfo [name: default]
09:10:22.239 INFO  [main]org.hibernate.Version - HHH000412: Hibernate ORM core version 6.6.22.Final
09:10:22.278 INFO  [main]o.hibernate.cache.internal.RegionFactoryInitiator - HHH000026: Second-level cache disabled
09:10:22.580 INFO  [main]o.s.o.j.persistenceunit.SpringPersistenceUnitInfo - No LoadTimeWeaver setup: ignoring JPA class transformer
09:10:22.671 INFO  [main]org.hibernate.orm.connections.pooling - HHH10001005: Database info:
	Database JDBC URL [Connecting through datasource 'HikariDataSource (HikariPool-1)']
	Database driver: undefined/unknown
	Database version: 8.0.43
	Autocommit mode: undefined/unknown
	Isolation level: undefined/unknown
	Minimum pool size: undefined/unknown
	Maximum pool size: undefined/unknown
09:10:22.923 WARN  [main]org.hibernate.mapping.RootClass - HHH000038: Composite-id class does not override equals(): com.example.quiz15.entity.FillinId
09:10:22.923 WARN  [main]org.hibernate.mapping.RootClass - HHH000039: Composite-id class does not override hashCode(): com.example.quiz15.entity.FillinId
09:10:22.923 WARN  [main]org.hibernate.mapping.RootClass - HHH000038: Composite-id class does not override equals(): com.example.quiz15.entity.Question
09:10:22.924 WARN  [main]org.hibernate.mapping.RootClass - HHH000039: Composite-id class does not override hashCode(): com.example.quiz15.entity.Question
09:10:23.440 INFO  [main]o.h.e.t.jta.platform.internal.JtaPlatformInitiator - HHH000489: No JTA platform available (set 'hibernate.transaction.jta.platform' to enable JTA platform integration)
09:10:23.443 INFO  [main]o.s.orm.jpa.LocalContainerEntityManagerFactoryBean - Initialized JPA EntityManagerFactory for persistence unit 'default'
09:10:23.676 INFO  [main]o.s.data.jpa.repository.query.QueryEnhancerFactory - Hibernate is in classpath; If applicable, HQL parser will be used.
09:10:24.492 WARN  [main]o.s.b.a.o.j.JpaBaseConfiguration$JpaWebConfiguration - spring.jpa.open-in-view is enabled by default. Therefore, database queries may be performed during view rendering. Explicitly configure spring.jpa.open-in-view to disable this warning
09:10:24.942 INFO  [main]org.apache.coyote.http11.Http11NioProtocol - Starting ProtocolHandler ["http-nio-8080"]
09:10:24.962 INFO  [main]o.s.boot.web.embedded.tomcat.TomcatWebServer - Tomcat started on port 8080 (http) with context path '/'
09:10:24.971 INFO  [main]com.example.quiz15.Quiz15Application - Started Quiz15Application in 5.267 seconds (process running for 5.541)
09:14:37.544 INFO  [http-nio-8080-exec-1]o.a.c.core.ContainerBase.[Tomcat].[localhost].[/] - Initializing Spring DispatcherServlet 'dispatcherServlet'
09:14:37.544 INFO  [http-nio-8080-exec-1]org.springframework.web.servlet.DispatcherServlet - Initializing Servlet 'dispatcherServlet'
09:14:37.546 INFO  [http-nio-8080-exec-1]org.springframework.web.servlet.DispatcherServlet - Completed initialization in 1 ms
10:06:06.133 INFO  [http-nio-8080-exec-9]com.example.quiz15.Service.impl.QuizServiceImpl -  feedbackUserList quizId=63, userVoList.size=3
10:58:03.865 INFO  [http-nio-8080-exec-8]com.example.quiz15.Service.impl.QuizServiceImpl -  feedbackUserList quizId=62, userVoList.size=7
10:58:13.732 INFO  [http-nio-8080-exec-1]com.example.quiz15.Service.impl.QuizServiceImpl -  feedbackUserList quizId=62, userVoList.size=7
10:58:23.314 INFO  [http-nio-8080-exec-4]com.example.quiz15.Service.impl.QuizServiceImpl -  feedbackUserList quizId=62, userVoList.size=7
11:59:44.885 WARN  [HikariPool-1:housekeeper]com.zaxxer.hikari.pool.HikariPool - HikariPool-1 - Thread starvation or clock leap detected (housekeeper delta=15m20s300ms650µs200ns).
13:41:21.244 WARN  [HikariPool-1:housekeeper]com.zaxxer.hikari.pool.HikariPool - HikariPool-1 - Thread starvation or clock leap detected (housekeeper delta=1h41m47s655ms809µs300ns).
14:15:46.896 WARN  [HikariPool-1:housekeeper]com.zaxxer.hikari.pool.HikariPool - HikariPool-1 - Thread starvation or clock leap detected (housekeeper delta=15m25s387ms517µs300ns).
14:30:20.950 WARN  [HikariPool-1:housekeeper]com.zaxxer.hikari.pool.HikariPool - HikariPool-1 - Thread starvation or clock leap detected (housekeeper delta=14m44s116ms875µs900ns).
15:01:46.515 WARN  [HikariPool-1:housekeeper]com.zaxxer.hikari.pool.HikariPool - HikariPool-1 - Thread starvation or clock leap detected (housekeeper delta=15m25s341ms859µs600ns).
21:02:04.370 WARN  [HikariPool-1:housekeeper]com.zaxxer.hikari.pool.HikariPool - HikariPool-1 - Thread starvation or clock leap detected (housekeeper delta=6h29s4ms307µs).
