09:37:55.483 INFO  [background-preinit]org.hibernate.validator.internal.util.Version - HV000001: Hibernate Validator 8.0.2.Final
09:37:55.515 INFO  [main]com.example.quiz15.UserTest - Starting UserTest using Java 21.0.7 with PID 32400 (started by we908 in D:\java\java_project\quiz15)
09:37:55.516 INFO  [main]com.example.quiz15.UserTest - No active profile set, falling back to 1 default profile: "default"
09:37:56.252 INFO  [main]o.s.d.r.config.RepositoryConfigurationDelegate - Bootstrapping Spring Data JPA repositories in DEFAULT mode.
09:37:56.333 INFO  [main]o.s.d.r.config.RepositoryConfigurationDelegate - Finished Spring Data repository scanning in 67 ms. Found 4 JPA repository interfaces.
09:37:56.878 INFO  [main]com.zaxxer.hikari.HikariDataSource - HikariPool-1 - Starting...
09:37:57.116 INFO  [main]com.zaxxer.hikari.pool.HikariPool - HikariPool-1 - Added connection com.mysql.cj.jdbc.ConnectionImpl@637c840d
09:37:57.118 INFO  [main]com.zaxxer.hikari.HikariDataSource - HikariPool-1 - Start completed.
09:37:57.161 INFO  [main]org.hibernate.jpa.internal.util.LogHelper - HHH000204: Processing PersistenceUnitInfo [name: default]
09:37:57.231 INFO  [main]org.hibernate.Version - HHH000412: Hibernate ORM core version 6.6.22.Final
09:37:57.272 INFO  [main]o.hibernate.cache.internal.RegionFactoryInitiator - HHH000026: Second-level cache disabled
09:37:57.556 INFO  [main]o.s.o.j.persistenceunit.SpringPersistenceUnitInfo - No LoadTimeWeaver setup: ignoring JPA class transformer
09:37:57.652 INFO  [main]org.hibernate.orm.connections.pooling - HHH10001005: Database info:
	Database JDBC URL [Connecting through datasource 'HikariDataSource (HikariPool-1)']
	Database driver: undefined/unknown
	Database version: 8.0.43
	Autocommit mode: undefined/unknown
	Isolation level: undefined/unknown
	Minimum pool size: undefined/unknown
	Maximum pool size: undefined/unknown
09:37:57.930 WARN  [main]org.hibernate.mapping.RootClass - HHH000038: Composite-id class does not override equals(): com.example.quiz15.entity.FillinId
09:37:57.930 WARN  [main]org.hibernate.mapping.RootClass - HHH000039: Composite-id class does not override hashCode(): com.example.quiz15.entity.FillinId
09:37:57.930 WARN  [main]org.hibernate.mapping.RootClass - HHH000038: Composite-id class does not override equals(): com.example.quiz15.entity.Question
09:37:57.930 WARN  [main]org.hibernate.mapping.RootClass - HHH000039: Composite-id class does not override hashCode(): com.example.quiz15.entity.Question
09:37:58.393 INFO  [main]o.h.e.t.jta.platform.internal.JtaPlatformInitiator - HHH000489: No JTA platform available (set 'hibernate.transaction.jta.platform' to enable JTA platform integration)
09:37:58.395 INFO  [main]o.s.orm.jpa.LocalContainerEntityManagerFactoryBean - Initialized JPA EntityManagerFactory for persistence unit 'default'
09:37:58.671 INFO  [main]o.s.data.jpa.repository.query.QueryEnhancerFactory - Hibernate is in classpath; If applicable, HQL parser will be used.
09:37:59.607 WARN  [main]o.s.b.a.o.j.JpaBaseConfiguration$JpaWebConfiguration - spring.jpa.open-in-view is enabled by default. Therefore, database queries may be performed during view rendering. Explicitly configure spring.jpa.open-in-view to disable this warning
09:38:00.020 INFO  [main]com.example.quiz15.UserTest - Started UserTest in 5.008 seconds (process running for 5.999)
09:38:00.576 INFO  [SpringApplicationShutdownHook]o.s.orm.jpa.LocalContainerEntityManagerFactoryBean - Closing JPA EntityManagerFactory for persistence unit 'default'
09:38:00.578 INFO  [SpringApplicationShutdownHook]com.zaxxer.hikari.HikariDataSource - HikariPool-1 - Shutdown initiated...
09:38:00.586 INFO  [SpringApplicationShutdownHook]com.zaxxer.hikari.HikariDataSource - HikariPool-1 - Shutdown completed.
09:49:22.180 INFO  [background-preinit]org.hibernate.validator.internal.util.Version - HV000001: Hibernate Validator 8.0.2.Final
09:49:22.204 INFO  [main]com.example.quiz15.UserTest - Starting UserTest using Java 21.0.7 with PID 20960 (started by we908 in D:\java\java_project\quiz15)
09:49:22.204 INFO  [main]com.example.quiz15.UserTest - No active profile set, falling back to 1 default profile: "default"
09:49:22.775 INFO  [main]o.s.d.r.config.RepositoryConfigurationDelegate - Bootstrapping Spring Data JPA repositories in DEFAULT mode.
09:49:22.837 INFO  [main]o.s.d.r.config.RepositoryConfigurationDelegate - Finished Spring Data repository scanning in 52 ms. Found 4 JPA repository interfaces.
09:49:23.253 INFO  [main]com.zaxxer.hikari.HikariDataSource - HikariPool-1 - Starting...
09:49:23.433 INFO  [main]com.zaxxer.hikari.pool.HikariPool - HikariPool-1 - Added connection com.mysql.cj.jdbc.ConnectionImpl@22a6d75c
09:49:23.434 INFO  [main]com.zaxxer.hikari.HikariDataSource - HikariPool-1 - Start completed.
09:49:23.482 INFO  [main]org.hibernate.jpa.internal.util.LogHelper - HHH000204: Processing PersistenceUnitInfo [name: default]
09:49:23.529 INFO  [main]org.hibernate.Version - HHH000412: Hibernate ORM core version 6.6.22.Final
09:49:23.561 INFO  [main]o.hibernate.cache.internal.RegionFactoryInitiator - HHH000026: Second-level cache disabled
09:49:23.805 INFO  [main]o.s.o.j.persistenceunit.SpringPersistenceUnitInfo - No LoadTimeWeaver setup: ignoring JPA class transformer
09:49:23.881 INFO  [main]org.hibernate.orm.connections.pooling - HHH10001005: Database info:
	Database JDBC URL [Connecting through datasource 'HikariDataSource (HikariPool-1)']
	Database driver: undefined/unknown
	Database version: 8.0.43
	Autocommit mode: undefined/unknown
	Isolation level: undefined/unknown
	Minimum pool size: undefined/unknown
	Maximum pool size: undefined/unknown
09:49:24.113 WARN  [main]org.hibernate.mapping.RootClass - HHH000038: Composite-id class does not override equals(): com.example.quiz15.entity.FillinId
09:49:24.113 WARN  [main]org.hibernate.mapping.RootClass - HHH000039: Composite-id class does not override hashCode(): com.example.quiz15.entity.FillinId
09:49:24.113 WARN  [main]org.hibernate.mapping.RootClass - HHH000038: Composite-id class does not override equals(): com.example.quiz15.entity.Question
09:49:24.113 WARN  [main]org.hibernate.mapping.RootClass - HHH000039: Composite-id class does not override hashCode(): com.example.quiz15.entity.Question
09:49:24.508 INFO  [main]o.h.e.t.jta.platform.internal.JtaPlatformInitiator - HHH000489: No JTA platform available (set 'hibernate.transaction.jta.platform' to enable JTA platform integration)
09:49:24.510 INFO  [main]o.s.orm.jpa.LocalContainerEntityManagerFactoryBean - Initialized JPA EntityManagerFactory for persistence unit 'default'
09:49:24.724 INFO  [main]o.s.data.jpa.repository.query.QueryEnhancerFactory - Hibernate is in classpath; If applicable, HQL parser will be used.
09:49:25.625 WARN  [main]o.s.b.a.o.j.JpaBaseConfiguration$JpaWebConfiguration - spring.jpa.open-in-view is enabled by default. Therefore, database queries may be performed during view rendering. Explicitly configure spring.jpa.open-in-view to disable this warning
09:49:26.006 INFO  [main]com.example.quiz15.UserTest - Started UserTest in 4.147 seconds (process running for 4.928)
09:49:26.514 INFO  [SpringApplicationShutdownHook]o.s.orm.jpa.LocalContainerEntityManagerFactoryBean - Closing JPA EntityManagerFactory for persistence unit 'default'
09:49:26.517 INFO  [SpringApplicationShutdownHook]com.zaxxer.hikari.HikariDataSource - HikariPool-1 - Shutdown initiated...
09:49:26.524 INFO  [SpringApplicationShutdownHook]com.zaxxer.hikari.HikariDataSource - HikariPool-1 - Shutdown completed.
11:16:03.295 INFO  [background-preinit]org.hibernate.validator.internal.util.Version - HV000001: Hibernate Validator 8.0.2.Final
11:16:03.321 INFO  [main]com.example.quiz15.UserTest - Starting UserTest using Java 21.0.7 with PID 37344 (started by we908 in D:\java\java_project\quiz15)
11:16:03.321 INFO  [main]com.example.quiz15.UserTest - No active profile set, falling back to 1 default profile: "default"
11:16:03.950 INFO  [main]o.s.d.r.config.RepositoryConfigurationDelegate - Bootstrapping Spring Data JPA repositories in DEFAULT mode.
11:16:04.012 INFO  [main]o.s.d.r.config.RepositoryConfigurationDelegate - Finished Spring Data repository scanning in 50 ms. Found 4 JPA repository interfaces.
11:16:04.421 INFO  [main]com.zaxxer.hikari.HikariDataSource - HikariPool-1 - Starting...
11:16:04.638 INFO  [main]com.zaxxer.hikari.pool.HikariPool - HikariPool-1 - Added connection com.mysql.cj.jdbc.ConnectionImpl@38ac8968
11:16:04.641 INFO  [main]com.zaxxer.hikari.HikariDataSource - HikariPool-1 - Start completed.
11:16:04.684 INFO  [main]org.hibernate.jpa.internal.util.LogHelper - HHH000204: Processing PersistenceUnitInfo [name: default]
11:16:04.732 INFO  [main]org.hibernate.Version - HHH000412: Hibernate ORM core version 6.6.22.Final
11:16:04.765 INFO  [main]o.hibernate.cache.internal.RegionFactoryInitiator - HHH000026: Second-level cache disabled
11:16:05.030 INFO  [main]o.s.o.j.persistenceunit.SpringPersistenceUnitInfo - No LoadTimeWeaver setup: ignoring JPA class transformer
11:16:05.111 INFO  [main]org.hibernate.orm.connections.pooling - HHH10001005: Database info:
	Database JDBC URL [Connecting through datasource 'HikariDataSource (HikariPool-1)']
	Database driver: undefined/unknown
	Database version: 8.0.43
	Autocommit mode: undefined/unknown
	Isolation level: undefined/unknown
	Minimum pool size: undefined/unknown
	Maximum pool size: undefined/unknown
11:16:05.342 WARN  [main]org.hibernate.mapping.RootClass - HHH000038: Composite-id class does not override equals(): com.example.quiz15.entity.FillinId
11:16:05.342 WARN  [main]org.hibernate.mapping.RootClass - HHH000039: Composite-id class does not override hashCode(): com.example.quiz15.entity.FillinId
11:16:05.342 WARN  [main]org.hibernate.mapping.RootClass - HHH000038: Composite-id class does not override equals(): com.example.quiz15.entity.Question
11:16:05.342 WARN  [main]org.hibernate.mapping.RootClass - HHH000039: Composite-id class does not override hashCode(): com.example.quiz15.entity.Question
11:16:05.767 INFO  [main]o.h.e.t.jta.platform.internal.JtaPlatformInitiator - HHH000489: No JTA platform available (set 'hibernate.transaction.jta.platform' to enable JTA platform integration)
11:16:05.769 INFO  [main]o.s.orm.jpa.LocalContainerEntityManagerFactoryBean - Initialized JPA EntityManagerFactory for persistence unit 'default'
11:16:06.003 INFO  [main]o.s.data.jpa.repository.query.QueryEnhancerFactory - Hibernate is in classpath; If applicable, HQL parser will be used.
11:16:06.905 WARN  [main]o.s.b.a.o.j.JpaBaseConfiguration$JpaWebConfiguration - spring.jpa.open-in-view is enabled by default. Therefore, database queries may be performed during view rendering. Explicitly configure spring.jpa.open-in-view to disable this warning
11:16:07.245 INFO  [main]com.example.quiz15.UserTest - Started UserTest in 4.267 seconds (process running for 5.095)
11:16:07.272 INFO  [main]o.s.b.test.mock.web.SpringBootMockServletContext - Initializing Spring TestDispatcherServlet ''
11:16:07.272 INFO  [main]o.s.test.web.servlet.TestDispatcherServlet - Initializing Servlet ''
11:16:07.274 INFO  [main]o.s.test.web.servlet.TestDispatcherServlet - Completed initialization in 2 ms
11:16:07.796 INFO  [SpringApplicationShutdownHook]o.s.orm.jpa.LocalContainerEntityManagerFactoryBean - Closing JPA EntityManagerFactory for persistence unit 'default'
11:16:07.798 INFO  [SpringApplicationShutdownHook]com.zaxxer.hikari.HikariDataSource - HikariPool-1 - Shutdown initiated...
11:16:07.807 INFO  [SpringApplicationShutdownHook]com.zaxxer.hikari.HikariDataSource - HikariPool-1 - Shutdown completed.
11:22:46.184 INFO  [background-preinit]org.hibernate.validator.internal.util.Version - HV000001: Hibernate Validator 8.0.2.Final
11:22:46.211 INFO  [main]com.example.quiz15.UserTest - Starting UserTest using Java 21.0.7 with PID 31664 (started by we908 in D:\java\java_project\quiz15)
11:22:46.211 INFO  [main]com.example.quiz15.UserTest - No active profile set, falling back to 1 default profile: "default"
11:22:46.830 INFO  [main]o.s.d.r.config.RepositoryConfigurationDelegate - Bootstrapping Spring Data JPA repositories in DEFAULT mode.
11:22:46.908 INFO  [main]o.s.d.r.config.RepositoryConfigurationDelegate - Finished Spring Data repository scanning in 67 ms. Found 4 JPA repository interfaces.
11:22:47.404 INFO  [main]com.zaxxer.hikari.HikariDataSource - HikariPool-1 - Starting...
11:22:47.598 INFO  [main]com.zaxxer.hikari.pool.HikariPool - HikariPool-1 - Added connection com.mysql.cj.jdbc.ConnectionImpl@38ac8968
11:22:47.600 INFO  [main]com.zaxxer.hikari.HikariDataSource - HikariPool-1 - Start completed.
11:22:47.642 INFO  [main]org.hibernate.jpa.internal.util.LogHelper - HHH000204: Processing PersistenceUnitInfo [name: default]
11:22:47.691 INFO  [main]org.hibernate.Version - HHH000412: Hibernate ORM core version 6.6.22.Final
11:22:47.726 INFO  [main]o.hibernate.cache.internal.RegionFactoryInitiator - HHH000026: Second-level cache disabled
11:22:48.011 INFO  [main]o.s.o.j.persistenceunit.SpringPersistenceUnitInfo - No LoadTimeWeaver setup: ignoring JPA class transformer
11:22:48.094 INFO  [main]org.hibernate.orm.connections.pooling - HHH10001005: Database info:
	Database JDBC URL [Connecting through datasource 'HikariDataSource (HikariPool-1)']
	Database driver: undefined/unknown
	Database version: 8.0.43
	Autocommit mode: undefined/unknown
	Isolation level: undefined/unknown
	Minimum pool size: undefined/unknown
	Maximum pool size: undefined/unknown
11:22:48.350 WARN  [main]org.hibernate.mapping.RootClass - HHH000038: Composite-id class does not override equals(): com.example.quiz15.entity.FillinId
11:22:48.350 WARN  [main]org.hibernate.mapping.RootClass - HHH000039: Composite-id class does not override hashCode(): com.example.quiz15.entity.FillinId
11:22:48.350 WARN  [main]org.hibernate.mapping.RootClass - HHH000038: Composite-id class does not override equals(): com.example.quiz15.entity.Question
11:22:48.350 WARN  [main]org.hibernate.mapping.RootClass - HHH000039: Composite-id class does not override hashCode(): com.example.quiz15.entity.Question
11:22:48.803 INFO  [main]o.h.e.t.jta.platform.internal.JtaPlatformInitiator - HHH000489: No JTA platform available (set 'hibernate.transaction.jta.platform' to enable JTA platform integration)
11:22:48.807 INFO  [main]o.s.orm.jpa.LocalContainerEntityManagerFactoryBean - Initialized JPA EntityManagerFactory for persistence unit 'default'
11:22:49.055 INFO  [main]o.s.data.jpa.repository.query.QueryEnhancerFactory - Hibernate is in classpath; If applicable, HQL parser will be used.
11:22:49.993 WARN  [main]o.s.b.a.o.j.JpaBaseConfiguration$JpaWebConfiguration - spring.jpa.open-in-view is enabled by default. Therefore, database queries may be performed during view rendering. Explicitly configure spring.jpa.open-in-view to disable this warning
11:22:50.426 INFO  [main]com.example.quiz15.UserTest - Started UserTest in 4.587 seconds (process running for 5.462)
11:22:50.454 INFO  [main]o.s.b.test.mock.web.SpringBootMockServletContext - Initializing Spring TestDispatcherServlet ''
11:22:50.455 INFO  [main]o.s.test.web.servlet.TestDispatcherServlet - Initializing Servlet ''
11:22:50.457 INFO  [main]o.s.test.web.servlet.TestDispatcherServlet - Completed initialization in 2 ms
11:22:50.987 INFO  [SpringApplicationShutdownHook]o.s.orm.jpa.LocalContainerEntityManagerFactoryBean - Closing JPA EntityManagerFactory for persistence unit 'default'
11:22:50.989 INFO  [SpringApplicationShutdownHook]com.zaxxer.hikari.HikariDataSource - HikariPool-1 - Shutdown initiated...
11:22:50.998 INFO  [SpringApplicationShutdownHook]com.zaxxer.hikari.HikariDataSource - HikariPool-1 - Shutdown completed.
13:33:34.402 INFO  [background-preinit]org.hibernate.validator.internal.util.Version - HV000001: Hibernate Validator 8.0.2.Final
13:33:34.467 INFO  [main]com.example.quiz15.Quiz15Application - Starting Quiz15Application using Java 21.0.7 with PID 21724 (D:\java\java_project\quiz15\bin\main started by we908 in D:\java\java_project\quiz15)
13:33:34.468 INFO  [main]com.example.quiz15.Quiz15Application - No active profile set, falling back to 1 default profile: "default"
13:33:35.300 INFO  [main]o.s.d.r.config.RepositoryConfigurationDelegate - Bootstrapping Spring Data JPA repositories in DEFAULT mode.
13:33:35.392 INFO  [main]o.s.d.r.config.RepositoryConfigurationDelegate - Finished Spring Data repository scanning in 77 ms. Found 4 JPA repository interfaces.
13:33:36.217 INFO  [main]o.s.boot.web.embedded.tomcat.TomcatWebServer - Tomcat initialized with port 8080 (http)
13:33:36.251 INFO  [main]org.apache.coyote.http11.Http11NioProtocol - Initializing ProtocolHandler ["http-nio-8080"]
13:33:36.254 INFO  [main]org.apache.catalina.core.StandardService - Starting service [Tomcat]
13:33:36.255 INFO  [main]org.apache.catalina.core.StandardEngine - Starting Servlet engine: [Apache Tomcat/10.1.43]
13:33:36.377 INFO  [main]o.a.c.core.ContainerBase.[Tomcat].[localhost].[/] - Initializing Spring embedded WebApplicationContext
13:33:36.378 INFO  [main]o.s.b.w.s.c.ServletWebServerApplicationContext - Root WebApplicationContext: initialization completed in 1862 ms
13:33:38.309 INFO  [main]com.zaxxer.hikari.HikariDataSource - HikariPool-1 - Starting...
13:33:38.534 INFO  [main]com.zaxxer.hikari.pool.HikariPool - HikariPool-1 - Added connection com.mysql.cj.jdbc.ConnectionImpl@1a14fdf0
13:33:38.535 INFO  [main]com.zaxxer.hikari.HikariDataSource - HikariPool-1 - Start completed.
13:33:38.579 INFO  [main]org.hibernate.jpa.internal.util.LogHelper - HHH000204: Processing PersistenceUnitInfo [name: default]
13:33:38.669 INFO  [main]org.hibernate.Version - HHH000412: Hibernate ORM core version 6.6.22.Final
13:33:38.731 INFO  [main]o.hibernate.cache.internal.RegionFactoryInitiator - HHH000026: Second-level cache disabled
13:33:39.106 INFO  [main]o.s.o.j.persistenceunit.SpringPersistenceUnitInfo - No LoadTimeWeaver setup: ignoring JPA class transformer
13:33:39.223 INFO  [main]org.hibernate.orm.connections.pooling - HHH10001005: Database info:
	Database JDBC URL [Connecting through datasource 'HikariDataSource (HikariPool-1)']
	Database driver: undefined/unknown
	Database version: 8.0.43
	Autocommit mode: undefined/unknown
	Isolation level: undefined/unknown
	Minimum pool size: undefined/unknown
	Maximum pool size: undefined/unknown
13:33:39.533 WARN  [main]org.hibernate.mapping.RootClass - HHH000038: Composite-id class does not override equals(): com.example.quiz15.entity.FillinId
13:33:39.534 WARN  [main]org.hibernate.mapping.RootClass - HHH000039: Composite-id class does not override hashCode(): com.example.quiz15.entity.FillinId
13:33:39.534 WARN  [main]org.hibernate.mapping.RootClass - HHH000038: Composite-id class does not override equals(): com.example.quiz15.entity.Question
13:33:39.534 WARN  [main]org.hibernate.mapping.RootClass - HHH000039: Composite-id class does not override hashCode(): com.example.quiz15.entity.Question
13:33:40.086 INFO  [main]o.h.e.t.jta.platform.internal.JtaPlatformInitiator - HHH000489: No JTA platform available (set 'hibernate.transaction.jta.platform' to enable JTA platform integration)
13:33:40.088 INFO  [main]o.s.orm.jpa.LocalContainerEntityManagerFactoryBean - Initialized JPA EntityManagerFactory for persistence unit 'default'
13:33:40.373 INFO  [main]o.s.data.jpa.repository.query.QueryEnhancerFactory - Hibernate is in classpath; If applicable, HQL parser will be used.
13:33:41.419 WARN  [main]o.s.b.a.o.j.JpaBaseConfiguration$JpaWebConfiguration - spring.jpa.open-in-view is enabled by default. Therefore, database queries may be performed during view rendering. Explicitly configure spring.jpa.open-in-view to disable this warning
13:33:42.190 INFO  [main]org.apache.coyote.http11.Http11NioProtocol - Starting ProtocolHandler ["http-nio-8080"]
13:33:42.222 INFO  [main]o.s.boot.web.embedded.tomcat.TomcatWebServer - Tomcat started on port 8080 (http) with context path '/'
13:33:42.235 INFO  [main]com.example.quiz15.Quiz15Application - Started Quiz15Application in 8.36 seconds (process running for 8.712)
13:34:31.245 INFO  [http-nio-8080-exec-1]o.a.c.core.ContainerBase.[Tomcat].[localhost].[/] - Initializing Spring DispatcherServlet 'dispatcherServlet'
13:34:31.246 INFO  [http-nio-8080-exec-1]org.springframework.web.servlet.DispatcherServlet - Initializing Servlet 'dispatcherServlet'
13:34:31.247 INFO  [http-nio-8080-exec-1]org.springframework.web.servlet.DispatcherServlet - Completed initialization in 1 ms
13:34:37.544 INFO  [http-nio-8080-exec-9]com.example.quiz15.Service.impl.QuizServiceImpl -  feedbackUserList quizId=36, userVoList.size=4
13:34:49.898 INFO  [http-nio-8080-exec-1]com.example.quiz15.Service.impl.QuizServiceImpl -  feedbackUserList quizId=36, userVoList.size=4
13:34:51.506 INFO  [http-nio-8080-exec-5]com.example.quiz15.Service.impl.QuizServiceImpl -  feedbackUserList quizId=36, userVoList.size=4
13:34:53.913 INFO  [http-nio-8080-exec-8]com.example.quiz15.Service.impl.QuizServiceImpl -  feedbackUserList quizId=36, userVoList.size=4
14:21:37.976 INFO  [http-nio-8080-exec-3]com.example.quiz15.Service.impl.QuizServiceImpl -  feedbackUserList quizId=36, userVoList.size=4
17:19:32.892 INFO  [http-nio-8080-exec-10]com.example.quiz15.Service.impl.QuizServiceImpl -  feedbackUserList quizId=36, userVoList.size=4
17:20:08.845 INFO  [http-nio-8080-exec-3]com.example.quiz15.Service.impl.QuizServiceImpl -  feedbackUserList quizId=36, userVoList.size=4
17:20:12.435 INFO  [http-nio-8080-exec-6]com.example.quiz15.Service.impl.QuizServiceImpl -  feedbackUserList quizId=36, userVoList.size=4
17:20:15.202 INFO  [http-nio-8080-exec-2]com.example.quiz15.Service.impl.QuizServiceImpl -  feedbackUserList quizId=36, userVoList.size=4
17:20:23.271 INFO  [http-nio-8080-exec-1]com.example.quiz15.Service.impl.QuizServiceImpl -  feedbackUserList quizId=36, userVoList.size=4
17:20:24.893 INFO  [http-nio-8080-exec-3]com.example.quiz15.Service.impl.QuizServiceImpl -  feedbackUserList quizId=36, userVoList.size=4
17:20:31.053 INFO  [http-nio-8080-exec-6]com.example.quiz15.Service.impl.QuizServiceImpl -  feedbackUserList quizId=36, userVoList.size=4
17:20:35.051 INFO  [http-nio-8080-exec-8]com.example.quiz15.Service.impl.QuizServiceImpl -  feedbackUserList quizId=36, userVoList.size=4
17:20:38.759 INFO  [http-nio-8080-exec-10]com.example.quiz15.Service.impl.QuizServiceImpl -  feedbackUserList quizId=36, userVoList.size=4
17:20:42.264 INFO  [http-nio-8080-exec-4]com.example.quiz15.Service.impl.QuizServiceImpl -  feedbackUserList quizId=36, userVoList.size=4
17:20:51.399 INFO  [http-nio-8080-exec-5]com.example.quiz15.Service.impl.QuizServiceImpl -  feedbackUserList quizId=36, userVoList.size=4
17:33:46.316 INFO  [http-nio-8080-exec-10]com.example.quiz15.Service.impl.QuizServiceImpl -  feedbackUserList quizId=36, userVoList.size=4
20:03:40.454 INFO  [background-preinit]org.hibernate.validator.internal.util.Version - HV000001: Hibernate Validator 8.0.2.Final
20:03:40.511 INFO  [main]com.example.quiz15.Quiz15Application - Starting Quiz15Application using Java 21.0.7 with PID 15428 (D:\java\java_project\quiz15\bin\main started by we908 in D:\java\java_project\quiz15)
20:03:40.512 INFO  [main]com.example.quiz15.Quiz15Application - No active profile set, falling back to 1 default profile: "default"
20:03:41.412 INFO  [main]o.s.d.r.config.RepositoryConfigurationDelegate - Bootstrapping Spring Data JPA repositories in DEFAULT mode.
20:03:41.491 INFO  [main]o.s.d.r.config.RepositoryConfigurationDelegate - Finished Spring Data repository scanning in 65 ms. Found 4 JPA repository interfaces.
20:03:42.185 INFO  [main]o.s.boot.web.embedded.tomcat.TomcatWebServer - Tomcat initialized with port 8080 (http)
20:03:42.206 INFO  [main]org.apache.coyote.http11.Http11NioProtocol - Initializing ProtocolHandler ["http-nio-8080"]
20:03:42.208 INFO  [main]org.apache.catalina.core.StandardService - Starting service [Tomcat]
20:03:42.209 INFO  [main]org.apache.catalina.core.StandardEngine - Starting Servlet engine: [Apache Tomcat/10.1.43]
20:03:42.303 INFO  [main]o.a.c.core.ContainerBase.[Tomcat].[localhost].[/] - Initializing Spring embedded WebApplicationContext
20:03:42.303 INFO  [main]o.s.b.w.s.c.ServletWebServerApplicationContext - Root WebApplicationContext: initialization completed in 1739 ms
20:03:42.488 INFO  [main]com.zaxxer.hikari.HikariDataSource - HikariPool-1 - Starting...
20:03:42.745 INFO  [main]com.zaxxer.hikari.pool.HikariPool - HikariPool-1 - Added connection com.mysql.cj.jdbc.ConnectionImpl@21f7e537
20:03:42.747 INFO  [main]com.zaxxer.hikari.HikariDataSource - HikariPool-1 - Start completed.
20:03:42.793 INFO  [main]org.hibernate.jpa.internal.util.LogHelper - HHH000204: Processing PersistenceUnitInfo [name: default]
20:03:42.885 INFO  [main]org.hibernate.Version - HHH000412: Hibernate ORM core version 6.6.22.Final
20:03:42.930 INFO  [main]o.hibernate.cache.internal.RegionFactoryInitiator - HHH000026: Second-level cache disabled
20:03:43.296 INFO  [main]o.s.o.j.persistenceunit.SpringPersistenceUnitInfo - No LoadTimeWeaver setup: ignoring JPA class transformer
20:03:43.427 INFO  [main]org.hibernate.orm.connections.pooling - HHH10001005: Database info:
	Database JDBC URL [Connecting through datasource 'HikariDataSource (HikariPool-1)']
	Database driver: undefined/unknown
	Database version: 8.0.43
	Autocommit mode: undefined/unknown
	Isolation level: undefined/unknown
	Minimum pool size: undefined/unknown
	Maximum pool size: undefined/unknown
20:03:43.696 WARN  [main]org.hibernate.mapping.RootClass - HHH000038: Composite-id class does not override equals(): com.example.quiz15.entity.FillinId
20:03:43.696 WARN  [main]org.hibernate.mapping.RootClass - HHH000039: Composite-id class does not override hashCode(): com.example.quiz15.entity.FillinId
20:03:43.696 WARN  [main]org.hibernate.mapping.RootClass - HHH000038: Composite-id class does not override equals(): com.example.quiz15.entity.Question
20:03:43.696 WARN  [main]org.hibernate.mapping.RootClass - HHH000039: Composite-id class does not override hashCode(): com.example.quiz15.entity.Question
20:03:44.191 INFO  [main]o.h.e.t.jta.platform.internal.JtaPlatformInitiator - HHH000489: No JTA platform available (set 'hibernate.transaction.jta.platform' to enable JTA platform integration)
20:03:44.193 INFO  [main]o.s.orm.jpa.LocalContainerEntityManagerFactoryBean - Initialized JPA EntityManagerFactory for persistence unit 'default'
20:03:44.491 INFO  [main]o.s.data.jpa.repository.query.QueryEnhancerFactory - Hibernate is in classpath; If applicable, HQL parser will be used.
20:03:45.529 WARN  [main]o.s.b.a.o.j.JpaBaseConfiguration$JpaWebConfiguration - spring.jpa.open-in-view is enabled by default. Therefore, database queries may be performed during view rendering. Explicitly configure spring.jpa.open-in-view to disable this warning
20:03:46.208 INFO  [main]org.apache.coyote.http11.Http11NioProtocol - Starting ProtocolHandler ["http-nio-8080"]
20:03:46.231 INFO  [main]o.s.boot.web.embedded.tomcat.TomcatWebServer - Tomcat started on port 8080 (http) with context path '/'
20:03:46.242 INFO  [main]com.example.quiz15.Quiz15Application - Started Quiz15Application in 6.243 seconds (process running for 6.666)
20:04:11.828 INFO  [http-nio-8080-exec-2]o.a.c.core.ContainerBase.[Tomcat].[localhost].[/] - Initializing Spring DispatcherServlet 'dispatcherServlet'
20:04:11.828 INFO  [http-nio-8080-exec-2]org.springframework.web.servlet.DispatcherServlet - Initializing Servlet 'dispatcherServlet'
20:04:11.830 INFO  [http-nio-8080-exec-2]org.springframework.web.servlet.DispatcherServlet - Completed initialization in 2 ms
20:04:16.817 INFO  [http-nio-8080-exec-6]com.example.quiz15.Service.impl.QuizServiceImpl -  feedbackUserList quizId=36, userVoList.size=4
20:20:52.137 INFO  [http-nio-8080-exec-2]com.example.quiz15.Service.impl.QuizServiceImpl -  feedbackUserList quizId=36, userVoList.size=4
20:26:00.302 INFO  [http-nio-8080-exec-9]com.example.quiz15.Service.impl.QuizServiceImpl -  feedbackUserList quizId=36, userVoList.size=4
20:28:35.762 INFO  [http-nio-8080-exec-8]com.example.quiz15.Service.impl.QuizServiceImpl -  feedbackUserList quizId=36, userVoList.size=4
20:34:45.962 INFO  [http-nio-8080-exec-4]com.example.quiz15.Service.impl.QuizServiceImpl -  feedbackUserList quizId=36, userVoList.size=4
20:41:24.924 INFO  [http-nio-8080-exec-3]com.example.quiz15.Service.impl.QuizServiceImpl -  feedbackUserList quizId=36, userVoList.size=4
21:02:39.372 INFO  [http-nio-8080-exec-2]com.example.quiz15.Service.impl.QuizServiceImpl -  feedbackUserList quizId=36, userVoList.size=4
21:07:04.193 INFO  [http-nio-8080-exec-7]com.example.quiz15.Service.impl.QuizServiceImpl -  feedbackUserList quizId=36, userVoList.size=4
21:35:34.740 INFO  [background-preinit]org.hibernate.validator.internal.util.Version - HV000001: Hibernate Validator 8.0.2.Final
21:35:34.787 INFO  [main]com.example.quiz15.Quiz15Application - Starting Quiz15Application using Java 21.0.7 with PID 17912 (D:\java\java_project\quiz15\bin\main started by we908 in D:\java\java_project\quiz15)
21:35:34.787 INFO  [main]com.example.quiz15.Quiz15Application - No active profile set, falling back to 1 default profile: "default"
21:35:35.535 INFO  [main]o.s.d.r.config.RepositoryConfigurationDelegate - Bootstrapping Spring Data JPA repositories in DEFAULT mode.
21:35:35.599 INFO  [main]o.s.d.r.config.RepositoryConfigurationDelegate - Finished Spring Data repository scanning in 54 ms. Found 4 JPA repository interfaces.
21:35:36.520 INFO  [main]o.s.boot.web.embedded.tomcat.TomcatWebServer - Tomcat initialized with port 8080 (http)
21:35:36.537 INFO  [main]org.apache.coyote.http11.Http11NioProtocol - Initializing ProtocolHandler ["http-nio-8080"]
21:35:36.540 INFO  [main]org.apache.catalina.core.StandardService - Starting service [Tomcat]
21:35:36.540 INFO  [main]org.apache.catalina.core.StandardEngine - Starting Servlet engine: [Apache Tomcat/10.1.43]
21:35:36.659 INFO  [main]o.a.c.core.ContainerBase.[Tomcat].[localhost].[/] - Initializing Spring embedded WebApplicationContext
21:35:36.660 INFO  [main]o.s.b.w.s.c.ServletWebServerApplicationContext - Root WebApplicationContext: initialization completed in 1833 ms
21:35:36.818 INFO  [main]com.zaxxer.hikari.HikariDataSource - HikariPool-1 - Starting...
21:35:37.076 INFO  [main]com.zaxxer.hikari.pool.HikariPool - HikariPool-1 - Added connection com.mysql.cj.jdbc.ConnectionImpl@a2b54e3
21:35:37.079 INFO  [main]com.zaxxer.hikari.HikariDataSource - HikariPool-1 - Start completed.
21:35:37.113 INFO  [main]org.hibernate.jpa.internal.util.LogHelper - HHH000204: Processing PersistenceUnitInfo [name: default]
21:35:37.169 INFO  [main]org.hibernate.Version - HHH000412: Hibernate ORM core version 6.6.22.Final
21:35:37.209 INFO  [main]o.hibernate.cache.internal.RegionFactoryInitiator - HHH000026: Second-level cache disabled
21:35:37.544 INFO  [main]o.s.o.j.persistenceunit.SpringPersistenceUnitInfo - No LoadTimeWeaver setup: ignoring JPA class transformer
21:35:37.640 INFO  [main]org.hibernate.orm.connections.pooling - HHH10001005: Database info:
	Database JDBC URL [Connecting through datasource 'HikariDataSource (HikariPool-1)']
	Database driver: undefined/unknown
	Database version: 8.0.43
	Autocommit mode: undefined/unknown
	Isolation level: undefined/unknown
	Minimum pool size: undefined/unknown
	Maximum pool size: undefined/unknown
21:35:37.867 WARN  [main]org.hibernate.mapping.RootClass - HHH000038: Composite-id class does not override equals(): com.example.quiz15.entity.FillinId
21:35:37.867 WARN  [main]org.hibernate.mapping.RootClass - HHH000039: Composite-id class does not override hashCode(): com.example.quiz15.entity.FillinId
21:35:37.867 WARN  [main]org.hibernate.mapping.RootClass - HHH000038: Composite-id class does not override equals(): com.example.quiz15.entity.Question
21:35:37.868 WARN  [main]org.hibernate.mapping.RootClass - HHH000039: Composite-id class does not override hashCode(): com.example.quiz15.entity.Question
21:35:38.307 INFO  [main]o.h.e.t.jta.platform.internal.JtaPlatformInitiator - HHH000489: No JTA platform available (set 'hibernate.transaction.jta.platform' to enable JTA platform integration)
21:35:38.309 INFO  [main]o.s.orm.jpa.LocalContainerEntityManagerFactoryBean - Initialized JPA EntityManagerFactory for persistence unit 'default'
21:35:38.557 INFO  [main]o.s.data.jpa.repository.query.QueryEnhancerFactory - Hibernate is in classpath; If applicable, HQL parser will be used.
21:35:39.322 WARN  [main]o.s.b.a.o.j.JpaBaseConfiguration$JpaWebConfiguration - spring.jpa.open-in-view is enabled by default. Therefore, database queries may be performed during view rendering. Explicitly configure spring.jpa.open-in-view to disable this warning
21:35:39.774 INFO  [main]org.apache.coyote.http11.Http11NioProtocol - Starting ProtocolHandler ["http-nio-8080"]
21:35:39.792 INFO  [main]o.s.boot.web.embedded.tomcat.TomcatWebServer - Tomcat started on port 8080 (http) with context path '/'
21:35:39.801 INFO  [main]com.example.quiz15.Quiz15Application - Started Quiz15Application in 5.487 seconds (process running for 5.818)
21:36:04.892 INFO  [http-nio-8080-exec-2]o.a.c.core.ContainerBase.[Tomcat].[localhost].[/] - Initializing Spring DispatcherServlet 'dispatcherServlet'
21:36:04.892 INFO  [http-nio-8080-exec-2]org.springframework.web.servlet.DispatcherServlet - Initializing Servlet 'dispatcherServlet'
21:36:04.908 INFO  [http-nio-8080-exec-2]org.springframework.web.servlet.DispatcherServlet - Completed initialization in 16 ms
22:23:57.154 INFO  [background-preinit]org.hibernate.validator.internal.util.Version - HV000001: Hibernate Validator 8.0.2.Final
22:23:57.220 INFO  [main]com.example.quiz15.Quiz15Application - Starting Quiz15Application using Java 21.0.7 with PID 12344 (D:\java\java_project\quiz15\bin\main started by we908 in D:\java\java_project\quiz15)
22:23:57.220 INFO  [main]com.example.quiz15.Quiz15Application - No active profile set, falling back to 1 default profile: "default"
22:23:57.836 INFO  [main]o.s.d.r.config.RepositoryConfigurationDelegate - Bootstrapping Spring Data JPA repositories in DEFAULT mode.
22:23:57.902 INFO  [main]o.s.d.r.config.RepositoryConfigurationDelegate - Finished Spring Data repository scanning in 56 ms. Found 4 JPA repository interfaces.
22:23:58.536 INFO  [main]o.s.boot.web.embedded.tomcat.TomcatWebServer - Tomcat initialized with port 8080 (http)
22:23:58.550 INFO  [main]org.apache.coyote.http11.Http11NioProtocol - Initializing ProtocolHandler ["http-nio-8080"]
22:23:58.551 INFO  [main]org.apache.catalina.core.StandardService - Starting service [Tomcat]
22:23:58.551 INFO  [main]org.apache.catalina.core.StandardEngine - Starting Servlet engine: [Apache Tomcat/10.1.43]
22:23:58.617 INFO  [main]o.a.c.core.ContainerBase.[Tomcat].[localhost].[/] - Initializing Spring embedded WebApplicationContext
22:23:58.617 INFO  [main]o.s.b.w.s.c.ServletWebServerApplicationContext - Root WebApplicationContext: initialization completed in 1355 ms
22:23:58.799 INFO  [main]com.zaxxer.hikari.HikariDataSource - HikariPool-1 - Starting...
22:23:59.006 INFO  [main]com.zaxxer.hikari.pool.HikariPool - HikariPool-1 - Added connection com.mysql.cj.jdbc.ConnectionImpl@76cdafa3
22:23:59.008 INFO  [main]com.zaxxer.hikari.HikariDataSource - HikariPool-1 - Start completed.
22:23:59.042 INFO  [main]org.hibernate.jpa.internal.util.LogHelper - HHH000204: Processing PersistenceUnitInfo [name: default]
22:23:59.104 INFO  [main]org.hibernate.Version - HHH000412: Hibernate ORM core version 6.6.22.Final
22:23:59.141 INFO  [main]o.hibernate.cache.internal.RegionFactoryInitiator - HHH000026: Second-level cache disabled
22:23:59.449 INFO  [main]o.s.o.j.persistenceunit.SpringPersistenceUnitInfo - No LoadTimeWeaver setup: ignoring JPA class transformer
22:23:59.536 INFO  [main]org.hibernate.orm.connections.pooling - HHH10001005: Database info:
	Database JDBC URL [Connecting through datasource 'HikariDataSource (HikariPool-1)']
	Database driver: undefined/unknown
	Database version: 8.0.43
	Autocommit mode: undefined/unknown
	Isolation level: undefined/unknown
	Minimum pool size: undefined/unknown
	Maximum pool size: undefined/unknown
22:23:59.777 WARN  [main]org.hibernate.mapping.RootClass - HHH000038: Composite-id class does not override equals(): com.example.quiz15.entity.FillinId
22:23:59.778 WARN  [main]org.hibernate.mapping.RootClass - HHH000039: Composite-id class does not override hashCode(): com.example.quiz15.entity.FillinId
22:23:59.778 WARN  [main]org.hibernate.mapping.RootClass - HHH000038: Composite-id class does not override equals(): com.example.quiz15.entity.Question
22:23:59.778 WARN  [main]org.hibernate.mapping.RootClass - HHH000039: Composite-id class does not override hashCode(): com.example.quiz15.entity.Question
22:24:00.218 INFO  [main]o.h.e.t.jta.platform.internal.JtaPlatformInitiator - HHH000489: No JTA platform available (set 'hibernate.transaction.jta.platform' to enable JTA platform integration)
22:24:00.220 INFO  [main]o.s.orm.jpa.LocalContainerEntityManagerFactoryBean - Initialized JPA EntityManagerFactory for persistence unit 'default'
22:24:00.444 INFO  [main]o.s.data.jpa.repository.query.QueryEnhancerFactory - Hibernate is in classpath; If applicable, HQL parser will be used.
22:24:01.309 WARN  [main]o.s.b.a.o.j.JpaBaseConfiguration$JpaWebConfiguration - spring.jpa.open-in-view is enabled by default. Therefore, database queries may be performed during view rendering. Explicitly configure spring.jpa.open-in-view to disable this warning
22:24:01.752 INFO  [main]org.apache.coyote.http11.Http11NioProtocol - Starting ProtocolHandler ["http-nio-8080"]
22:24:01.773 INFO  [main]o.s.boot.web.embedded.tomcat.TomcatWebServer - Tomcat started on port 8080 (http) with context path '/'
22:24:01.785 INFO  [main]com.example.quiz15.Quiz15Application - Started Quiz15Application in 5.059 seconds (process running for 5.376)
22:27:03.922 INFO  [http-nio-8080-exec-1]o.a.c.core.ContainerBase.[Tomcat].[localhost].[/] - Initializing Spring DispatcherServlet 'dispatcherServlet'
22:27:03.922 INFO  [http-nio-8080-exec-1]org.springframework.web.servlet.DispatcherServlet - Initializing Servlet 'dispatcherServlet'
22:27:03.922 INFO  [http-nio-8080-exec-1]org.springframework.web.servlet.DispatcherServlet - Completed initialization in 0 ms
23:06:35.150 INFO  [http-nio-8080-exec-1]com.example.quiz15.Service.impl.QuizServiceImpl -  feedbackUserList quizId=36, userVoList.size=4
23:06:44.432 INFO  [http-nio-8080-exec-5]com.example.quiz15.Service.impl.QuizServiceImpl -  feedbackUserList quizId=36, userVoList.size=4
23:18:04.659 INFO  [http-nio-8080-exec-9]com.example.quiz15.Service.impl.QuizServiceImpl -  feedbackUserList quizId=36, userVoList.size=4
23:23:12.605 INFO  [http-nio-8080-exec-2]com.example.quiz15.Service.impl.QuizServiceImpl -  feedbackUserList quizId=36, userVoList.size=4
